Using pre-set license
Built from '2020.3/release' branch; Version is '2020.3.12f1 (b3b2c6512326) revision 11776710'; Using compiler version '192528614'; Build Type 'Release'
OS: 'Windows 10 Home; OS build 19042.1110; Version 2009; 64bit' Language: 'ko' Physical Memory: 8075 MB
BatchMode: 1, IsHumanControllingUs: 0, StartBugReporterOnCrash: 0, Is64bit: 1, IsPro: 0

 COMMAND LINE ARGUMENTS:
C:\Program Files\Unity\Hub\Editor\2020.3.12f1\Editor\Unity.exe
-adb2
-batchMode
-noUpm
-name
AssetImportWorker10
-projectPath
C:/Users/wjdwo/AR practice
-logFile
Logs/AssetImportWorker10.log
-srvPort
54854
Successfully changed project path to: C:/Users/wjdwo/AR practice
C:/Users/wjdwo/AR practice
Using Asset Import Pipeline V2.
Refreshing native plugins compatible for Editor in 47.51 ms, found 2 plugins.
Preloading 0 native plugins for Editor in 0.00 ms.
Initialize engine version: 2020.3.12f1 (b3b2c6512326)
[Subsystems] Discovering subsystems at path C:/Program Files/Unity/Hub/Editor/2020.3.12f1/Editor/Data/Resources/UnitySubsystems
[Subsystems] Discovering subsystems at path C:/Users/wjdwo/AR practice/Assets
GfxDevice: creating device client; threaded=0
Direct3D:
    Version:  Direct3D 11.0 [level 11.0]
    Renderer: NVIDIA GeForce 840M (ID=0x1341)
    Vendor:   
    VRAM:     2010 MB
    Driver:   27.21.14.5751
Initialize mono
Mono path[0] = 'C:/Program Files/Unity/Hub/Editor/2020.3.12f1/Editor/Data/Managed'
Mono path[1] = 'C:/Program Files/Unity/Hub/Editor/2020.3.12f1/Editor/Data/MonoBleedingEdge/lib/mono/unityjit'
Mono config path = 'C:/Program Files/Unity/Hub/Editor/2020.3.12f1/Editor/Data/MonoBleedingEdge/etc'
Using monoOptions --debugger-agent=transport=dt_socket,embedding=1,server=y,suspend=n,address=127.0.0.1:56588
Begin MonoManager ReloadAssembly
Registering precompiled unity dll's ...
Register platform support module: C:/Program Files/Unity/Hub/Editor/2020.3.12f1/Editor/Data/PlaybackEngines/WebGLSupport/UnityEditor.WebGL.Extensions.dll
Register platform support module: C:/Program Files/Unity/Hub/Editor/2020.3.12f1/Editor/Data/PlaybackEngines/WindowsStandaloneSupport/UnityEditor.WindowsStandalone.Extensions.dll
Registered in 0.003972 seconds.
Native extension for WindowsStandalone target not found
Native extension for WebGL target not found
Refreshing native plugins compatible for Editor in 39.09 ms, found 2 plugins.
Preloading 0 native plugins for Editor in 0.00 ms.
Mono: successfully reloaded assembly
- Completed reload, in  1.530 seconds
Platform modules already initialized, skipping
Registering precompiled user dll's ...
Registered in 0.004853 seconds.
Begin MonoManager ReloadAssembly
Native extension for WindowsStandalone target not found
Native extension for WebGL target not found
Refreshing native plugins compatible for Editor in 0.51 ms, found 2 plugins.
Preloading 0 native plugins for Editor in 0.00 ms.
Mono: successfully reloaded assembly
- Completed reload, in  5.717 seconds
Platform modules already initialized, skipping
========================================================================
Worker process is ready to serve import requests
Launched and connected shader compiler UnityShaderCompiler.exe after 0.61 seconds
Refreshing native plugins compatible for Editor in 0.99 ms, found 2 plugins.
Preloading 0 native plugins for Editor in 0.00 ms.
Unloading 1738 Unused Serialized files (Serialized files now loaded: 0)
System memory in use before: 79.2 MB.
System memory in use after: 79.2 MB.

Unloading 21 unused Assets to reduce memory usage. Loaded Objects now: 2173.
Total: 3.875100 ms (FindLiveObjects: 0.274300 ms CreateObjectMapping: 0.151200 ms MarkObjects: 3.167800 ms  DeleteObjects: 0.279900 ms)

AssetImportParameters requested are different than current active one (requested -> active):
  custom:framework-win-MediaFoundation: 216162199b28c13a410421893ffa2e32 -> 
  custom:video-decoder-ogg-theora: a1e56fd34408186e4bbccfd4996cb3dc -> 
  custom:container-muxer-webm: aa71ff27fc2769a1b78a27578f13a17b -> 
  custom:container-demuxer-webm: 4f35f7cbe854078d1ac9338744f61a02 -> 
  custom:container-demuxer-ogg: 62fdf1f143b41e24485cea50d1cbac27 -> 
  custom:video-encoder-webm-vp8: eb34c28f22e8b96e1ab97ce403110664 -> 
  custom:video-decoder-webm-vp8: 9c59270c3fd7afecdb556c50c9e8de78 -> 
  custom:audio-decoder-ogg-vorbis: bf7c407c2cedff20999df2af8eb42d56 -> 
  custom:audio-encoder-webm-vorbis: bf7c407c2cedff20999df2af8eb42d56 -> 
========================================================================
Received Import Request.
  path: Assets/Scripts/Face/FindDetection.cs
  artifactKey: Guid(4dcb0a58ddbd3704d8a0f6fe7aa0c74a) Importer(815301076,1909f56bfc062723c751e8b465ee728b)
Start importing Assets/Scripts/Face/FindDetection.cs using Guid(4dcb0a58ddbd3704d8a0f6fe7aa0c74a) Importer(815301076,1909f56bfc062723c751e8b465ee728b)  -> (artifact id: '092a5834d8d70fbbb3244b0acdd515ce') in 0.421907 seconds 
  Import took 0.683936 seconds .

========================================================================
Received Import Request.
  Time since last request: 0.000258 seconds.
  path: Assets/Scenes/FaceScene.unity
  artifactKey: Guid(d5912404026278d4a8db75c87eaa9df6) Importer(815301076,1909f56bfc062723c751e8b465ee728b)
Start importing Assets/Scenes/FaceScene.unity using Guid(d5912404026278d4a8db75c87eaa9df6) Importer(815301076,1909f56bfc062723c751e8b465ee728b)  -> (artifact id: 'bf0fe26be529ef160f4fcc4cfbf07074') in 0.062673 seconds 
  Import took 0.263812 seconds .

========================================================================
Received Import Request.
  Time since last request: 0.000285 seconds.
  path: Assets/Scripts/Face/FaceSelection.cs
  artifactKey: Guid(9d16b0e8a5a911e449ee8a4b464ae055) Importer(815301076,1909f56bfc062723c751e8b465ee728b)
Start importing Assets/Scripts/Face/FaceSelection.cs using Guid(9d16b0e8a5a911e449ee8a4b464ae055) Importer(815301076,1909f56bfc062723c751e8b465ee728b)  -> (artifact id: '90c755c9792e7469f2eef4436d4d363e') in 0.111979 seconds 
  Import took 0.340943 seconds .

========================================================================
Received Import Request.
  Time since last request: 0.000251 seconds.
  path: Assets/Scenes/ARCarScene.unity
  artifactKey: Guid(9fc0d4010bbf28b4594072e72b8655ab) Importer(815301076,1909f56bfc062723c751e8b465ee728b)
Start importing Assets/Scenes/ARCarScene.unity using Guid(9fc0d4010bbf28b4594072e72b8655ab) Importer(815301076,1909f56bfc062723c751e8b465ee728b)  -> (artifact id: 'b704308d837d4de805ba59125b8c6545') in 0.129873 seconds 
  Import took 0.186154 seconds .

========================================================================
Received Import Request.
  Time since last request: 40.305249 seconds.
  path: Assets/Scripts/Face/FaceSelection.cs
  artifactKey: Guid(9d16b0e8a5a911e449ee8a4b464ae055) Importer(815301076,1909f56bfc062723c751e8b465ee728b)
Start importing Assets/Scripts/Face/FaceSelection.cs using Guid(9d16b0e8a5a911e449ee8a4b464ae055) Importer(815301076,1909f56bfc062723c751e8b465ee728b)  -> (artifact id: 'f5979fdddd55dc0b496e86c16764cbd1') in 0.016112 seconds 
  Import took 0.273056 seconds .

========================================================================
Received Import Request.
  Time since last request: 3.550679 seconds.
  path: Assets/Scripts/Ground
  artifactKey: Guid(8251fe40e1ce20f4bb51f4186ddef28f) Importer(815301076,1909f56bfc062723c751e8b465ee728b)
Start importing Assets/Scripts/Ground using Guid(8251fe40e1ce20f4bb51f4186ddef28f) Importer(815301076,1909f56bfc062723c751e8b465ee728b)  -> (artifact id: 'edc554eb6a7fbe12ee540dc57269d9f4') in 0.110259 seconds 
  Import took 0.151749 seconds .

========================================================================
Received Import Request.
  Time since last request: 22.712874 seconds.
  path: Assets/Materials/Mat_FaceMesh.mat
  artifactKey: Guid(7138ac7697e7adc4887129cba9fe863b) Importer(815301076,1909f56bfc062723c751e8b465ee728b)
Start importing Assets/Materials/Mat_FaceMesh.mat using Guid(7138ac7697e7adc4887129cba9fe863b) Importer(815301076,1909f56bfc062723c751e8b465ee728b)  -> (artifact id: '76790eabc5d6570129bdf7e053d62dac') in 4.152960 seconds 
  Import took 4.248307 seconds .

========================================================================
Received Import Request.
  Time since last request: 0.000530 seconds.
  path: Assets/Materials/Mat_Mask.mat
  artifactKey: Guid(bfcd71470243b8247b99b7eae203eff9) Importer(815301076,1909f56bfc062723c751e8b465ee728b)
Start importing Assets/Materials/Mat_Mask.mat using Guid(bfcd71470243b8247b99b7eae203eff9) Importer(815301076,1909f56bfc062723c751e8b465ee728b)  -> (artifact id: 'da367ab5fd650c850f622757a9ce41b2') in 0.645155 seconds 
  Import took 0.717796 seconds .

========================================================================
Received Import Request.
  Time since last request: 0.000289 seconds.
  path: Assets/Materials/Mat_Ground.mat
  artifactKey: Guid(804f20c6ed3f23d45b6c53c2935bb443) Importer(815301076,1909f56bfc062723c751e8b465ee728b)
Start importing Assets/Materials/Mat_Ground.mat using Guid(804f20c6ed3f23d45b6c53c2935bb443) Importer(815301076,1909f56bfc062723c751e8b465ee728b)  -> (artifact id: '620e8a5eb60e7edb5d8e47cdf193b5b6') in 0.500838 seconds 
  Import took 0.550424 seconds .

========================================================================
Received Import Request.
  Time since last request: 120.317102 seconds.
  path: Assets/Materials/Face
  artifactKey: Guid(a151f5e358e87ad4aa73aa7e32b7012e) Importer(815301076,1909f56bfc062723c751e8b465ee728b)
Start importing Assets/Materials/Face using Guid(a151f5e358e87ad4aa73aa7e32b7012e) Importer(815301076,1909f56bfc062723c751e8b465ee728b)  -> (artifact id: '066b7616618c6a8bcc97a5577b177b77') in 0.127233 seconds 
  Import took 0.159551 seconds .

========================================================================
Received Import Request.
  Time since last request: 9.758928 seconds.
  path: Assets/Materials/Ground
  artifactKey: Guid(b495463aa70f05a41b5d6955edaba8bc) Importer(815301076,1909f56bfc062723c751e8b465ee728b)
Start importing Assets/Materials/Ground using Guid(b495463aa70f05a41b5d6955edaba8bc) Importer(815301076,1909f56bfc062723c751e8b465ee728b)  -> (artifact id: '176c46a2c944a3117c9b31b071df72ce') in 0.016435 seconds 
  Import took 0.090204 seconds .

========================================================================
Received Import Request.
  Time since last request: 628.940231 seconds.
  path: Assets/Scripts/Face/FaceSelection.cs
  artifactKey: Guid(9d16b0e8a5a911e449ee8a4b464ae055) Importer(815301076,1909f56bfc062723c751e8b465ee728b)
Start importing Assets/Scripts/Face/FaceSelection.cs using Guid(9d16b0e8a5a911e449ee8a4b464ae055) Importer(815301076,1909f56bfc062723c751e8b465ee728b)  -> (artifact id: '6d81e770b3803c5861b20a300c71da7c') in 0.050507 seconds 
  Import took 0.085740 seconds .

========================================================================
Received Import Request.
  Time since last request: 68.762921 seconds.
  path: Assets/Scripts/Face/FaceSelection.cs
  artifactKey: Guid(9d16b0e8a5a911e449ee8a4b464ae055) Importer(815301076,1909f56bfc062723c751e8b465ee728b)
Start importing Assets/Scripts/Face/FaceSelection.cs using Guid(9d16b0e8a5a911e449ee8a4b464ae055) Importer(815301076,1909f56bfc062723c751e8b465ee728b)  -> (artifact id: '5dddc794ef75cd7a4467a4e34dfef09c') in 0.011577 seconds 
  Import took 0.318685 seconds .

========================================================================
Received Import Request.
  Time since last request: 0.656332 seconds.
  path: Assets/Scripts/Face/FaceSelection.cs
  artifactKey: Guid(9d16b0e8a5a911e449ee8a4b464ae055) Importer(815301076,1909f56bfc062723c751e8b465ee728b)
Start importing Assets/Scripts/Face/FaceSelection.cs using Guid(9d16b0e8a5a911e449ee8a4b464ae055) Importer(815301076,1909f56bfc062723c751e8b465ee728b)  -> (artifact id: '5dddc794ef75cd7a4467a4e34dfef09c') in 0.005417 seconds 
  Import took 0.013991 seconds .

========================================================================
Received Import Request.
  Time since last request: 3.304818 seconds.
  path: Assets/Scripts/Face
  artifactKey: Guid(6b8b83608ea49d4469712f56e7dafbfd) Importer(815301076,1909f56bfc062723c751e8b465ee728b)
Start importing Assets/Scripts/Face using Guid(6b8b83608ea49d4469712f56e7dafbfd) Importer(815301076,1909f56bfc062723c751e8b465ee728b)  -> (artifact id: '8f3eacff6582480d7c4fec32e292edf1') in 0.015104 seconds 
  Import took 0.104782 seconds .

========================================================================
Received Import Request.
  Time since last request: 16.926221 seconds.
  path: Assets/Scripts/Face/PlatformSetting.cs
  artifactKey: Guid(f6b2470cd873bd34ca96cfd2eb1a0806) Importer(815301076,1909f56bfc062723c751e8b465ee728b)
Start importing Assets/Scripts/Face/PlatformSetting.cs using Guid(f6b2470cd873bd34ca96cfd2eb1a0806) Importer(815301076,1909f56bfc062723c751e8b465ee728b)  -> (artifact id: '7bc4762b1a591781c1d4ba5a2c6c3d4a') in 0.094367 seconds 
  Import took 0.140452 seconds .

========================================================================
Received Import Request.
  Time since last request: 54.698532 seconds.
  path: Assets/Scripts/Face/DynamicQuad.cs
  artifactKey: Guid(971d25273d40c1c43a246c25b1c59642) Importer(815301076,1909f56bfc062723c751e8b465ee728b)
Start importing Assets/Scripts/Face/DynamicQuad.cs using Guid(971d25273d40c1c43a246c25b1c59642) Importer(815301076,1909f56bfc062723c751e8b465ee728b)  -> (artifact id: '86bcc68d1835455449e18f6bbcc41929') in 0.015037 seconds 
  Import took 0.136798 seconds .

========================================================================
Received Import Request.
  Time since last request: 285.230400 seconds.
  path: Assets/Scripts/Face/PlatformSetting.cs
  artifactKey: Guid(f6b2470cd873bd34ca96cfd2eb1a0806) Importer(815301076,1909f56bfc062723c751e8b465ee728b)
Start importing Assets/Scripts/Face/PlatformSetting.cs using Guid(f6b2470cd873bd34ca96cfd2eb1a0806) Importer(815301076,1909f56bfc062723c751e8b465ee728b)  -> (artifact id: '8c00d59cb7b49a70add44ec18f072a47') in 0.015221 seconds 
  Import took 0.020875 seconds .

========================================================================
Received Import Request.
  Time since last request: 146.435332 seconds.
  path: Assets/Scripts/Face/PlatformSetting.cs
  artifactKey: Guid(f6b2470cd873bd34ca96cfd2eb1a0806) Importer(815301076,1909f56bfc062723c751e8b465ee728b)
Start importing Assets/Scripts/Face/PlatformSetting.cs using Guid(f6b2470cd873bd34ca96cfd2eb1a0806) Importer(815301076,1909f56bfc062723c751e8b465ee728b)  -> (artifact id: 'b6de68e06a5801d6cc7076c7a7a311af') in 0.014859 seconds 
  Import took 0.022816 seconds .

========================================================================
Received Prepare
Registering precompiled user dll's ...
Registered in 0.680553 seconds.
Begin MonoManager ReloadAssembly
Native extension for WindowsStandalone target not found
Native extension for WebGL target not found
Refreshing native plugins compatible for Editor in 0.47 ms, found 2 plugins.
Preloading 0 native plugins for Editor in 0.00 ms.
Mono: successfully reloaded assembly
- Completed reload, in  1.359 seconds
Platform modules already initialized, skipping
Switching build target platform(19) subTarget(0) extendedPlatform(0) -> platform(13) subTarget(537395200) extendedPlatform(0)
Refreshing native plugins compatible for Editor in 0.49 ms, found 2 plugins.
Preloading 0 native plugins for Editor in 0.00 ms.
Unloading 1733 Unused Serialized files (Serialized files now loaded: 0)
System memory in use before: 82.3 MB.
System memory in use after: 82.4 MB.

Unloading 16 unused Assets to reduce memory usage. Loaded Objects now: 2218.
Total: 3.380900 ms (FindLiveObjects: 0.374700 ms CreateObjectMapping: 0.203000 ms MarkObjects: 2.713400 ms  DeleteObjects: 0.087700 ms)

AssetImportParameters requested are different than current active one (requested -> active):
  custom:framework-win-MediaFoundation: 216162199b28c13a410421893ffa2e32 -> 
  custom:video-decoder-ogg-theora: a1e56fd34408186e4bbccfd4996cb3dc -> 
  custom:container-muxer-webm: aa71ff27fc2769a1b78a27578f13a17b -> 
  custom:container-demuxer-webm: 4f35f7cbe854078d1ac9338744f61a02 -> 
  custom:container-demuxer-ogg: 62fdf1f143b41e24485cea50d1cbac27 -> 
  custom:video-encoder-webm-vp8: eb34c28f22e8b96e1ab97ce403110664 -> 
  custom:video-decoder-webm-vp8: 9c59270c3fd7afecdb556c50c9e8de78 -> 
  custom:graphics/normal-map-encoding: 01000000000000000000000000000000 -> 02000000000000000000000000000000
  custom:audio-decoder-ogg-vorbis: bf7c407c2cedff20999df2af8eb42d56 -> 
  custom:audio-encoder-webm-vorbis: bf7c407c2cedff20999df2af8eb42d56 -> 
========================================================================
Received Import Request.
  Time since last request: 439.470845 seconds.
  path: Assets/Scripts/Face/DynamicQuad.cs
  artifactKey: Guid(971d25273d40c1c43a246c25b1c59642) Importer(815301076,1909f56bfc062723c751e8b465ee728b)
Start importing Assets/Scripts/Face/DynamicQuad.cs using Guid(971d25273d40c1c43a246c25b1c59642) Importer(815301076,1909f56bfc062723c751e8b465ee728b)  -> (artifact id: '08b83c9a4e81a3ca9e94be6e13e165a9') in 0.007935 seconds 
  Import took 0.014005 seconds .

AssetImportWorkerClient::OnTransportError - code=2 error=End of file
